C51 COMPILER V9.05   1602                                                                  07/20/2013 22:47:55 PAGE 1   


C51 COMPILER V9.05, COMPILATION OF MODULE 1602
OBJECT MODULE PLACED IN .\obj\1602.obj
COMPILER INVOKED BY: D:\Keil\C51\BIN\C51.EXE src\1602.c BROWSE DEBUG OBJECTEXTEND PRINT(.\obj\1602.lst) OBJECT(.\obj\160
                    -2.obj)

line level    source

   1          #include "1602.h"
   2          #include "delay.h"
   3          
   4          sbit LCM_RS = P1^3;         /*寄存器选择*/
   5          sbit LCM_E = P1^4;          /*读写使能控制*/
   6          
   7          /*------------------------------------------------
   8                        写入命令函数
   9          ------------------------------------------------*/
  10          void LCD_Write_Com(unsigned char com) 
  11          {  
  12   1              LCM_RS = 0;
  13   1              P0 = com;
  14   1              DelayMs(5);
  15   1              LCM_E = 1;
  16   1              DelayMs(5);
  17   1              LCM_E = 0;
  18   1      }
  19          
  20          /*------------------------------------------------
  21                        写入数据函数
  22          ------------------------------------------------*/
  23          void LCD_Write_Data(unsigned char Data) 
  24          { 
  25   1              LCM_RS = 1;
  26   1              P0 = Data;
  27   1              DelayMs(5);
  28   1              LCM_E = 1;
  29   1              DelayMs(5);
  30   1              LCM_E = 0;;
  31   1      }
  32          
  33          /*------------------------------------------------
  34                          清屏函数
  35          ------------------------------------------------*/
  36          void LCD_Clear(void) 
  37          { 
  38   1              LCD_Write_Com(0x01); 
  39   1              DelayMs(5);
  40   1      }
  41          
  42          /*------------------------------------------------
  43                        写入字符函数
  44          ------------------------------------------------*/
  45          void LCD_Write_Char(unsigned char x,unsigned char y,unsigned char Data) 
  46          {     
  47   1              if (y == 0) 
  48   1              {     
  49   2                      LCD_Write_Com(0x80 + x);     
  50   2              }    
  51   1              else 
  52   1              {     
  53   2                      LCD_Write_Com(0xC0 + x);     
  54   2              }        
C51 COMPILER V9.05   1602                                                                  07/20/2013 22:47:55 PAGE 2   

  55   1              LCD_Write_Data( Data);  
  56   1      }
  57          
  58          /*------------------------------------------------
  59                        写入字符串函数
  60          ------------------------------------------------*/
  61          void LCD_Write_String(unsigned char x,unsigned char y,unsigned char *s) 
  62          {     
  63   1              if (0 == y) 
  64   1              {     
  65   2                      LCD_Write_Com(0x80 + x);     //表示第一行
  66   2              }
  67   1              else 
  68   1              {      
  69   2                      LCD_Write_Com(0xC0 + x);      //表示第二行
  70   2              }
  71   1                      
  72   1              while (*s) 
  73   1              {     
  74   2                      LCD_Write_Data(*s);     
  75   2                      s++;     
  76   2              }
  77   1      }
  78          
  79          /*------------------------------------------------
  80                        初始化函数
  81          ------------------------------------------------*/
  82          void LCD_Init(void) 
  83          {
  84   1              LCM_E = 0;
  85   1              LCD_Write_Com(0x38);
  86   1              LCD_Write_Com(0x0c);
  87   1              LCD_Write_Com(0x06);
  88   1              LCD_Write_Com(0x01);
  89   1      }


MODULE INFORMATION:   STATIC OVERLAYABLE
   CODE SIZE        =    150    ----
   CONSTANT SIZE    =   ----    ----
   XDATA SIZE       =   ----    ----
   PDATA SIZE       =   ----    ----
   DATA SIZE        =   ----       6
   IDATA SIZE       =   ----    ----
   BIT SIZE         =   ----    ----
END OF MODULE INFORMATION.


C51 COMPILATION COMPLETE.  0 WARNING(S),  0 ERROR(S)
