C51 COMPILER V9.05   18B20                                                                 07/20/2013 22:47:54 PAGE 1   


C51 COMPILER V9.05, COMPILATION OF MODULE 18B20
OBJECT MODULE PLACED IN .\obj\18b20.obj
COMPILER INVOKED BY: D:\Keil\C51\BIN\C51.EXE src\18b20.c BROWSE DEBUG OBJECTEXTEND PRINT(.\obj\18b20.lst) OBJECT(.\obj\1
                    -8b20.obj)

line level    source

   1          #include"delay.h"
   2          #include"18b20.h"
   3          
   4          /*------------------------------------------------
   5                              18b20初始化
   6          ------------------------------------------------*/
   7          
   8          bit Init_DS18B20(void)
   9          {
  10   1              bit dat = 0;
  11   1              DQ = 1;    //DQ复位
  12   1              DelayUs2x(5);   //稍做延时
  13   1              DQ = 0;         //单片机将DQ拉低
  14   1              DelayUs2x(200); //精确延时 大于 480us 小于960us
  15   1              DelayUs2x(200);
  16   1              DQ = 1;        //拉高总线
  17   1              DelayUs2x(50); //15~60us 后 接收60-240us的存在脉冲
  18   1              dat=DQ;        //如果x=0则初始化成功, x=1则初始化失败
  19   1              DelayUs2x(25); //稍作延时返回
  20   1              return dat;
  21   1      }
  22          
  23          /*------------------------------------------------
  24                              读取一个字节
  25          ------------------------------------------------*/
  26          unsigned char ReadOneChar(void)
  27          {
  28   1              unsigned char i = 0;
  29   1              unsigned char dat = 0;
  30   1              for (i=8;i>0;i--)
  31   1              {
  32   2                      DQ = 0; // 给脉冲信号
  33   2                      dat >>= 1;
  34   2                      DQ = 1; // 给脉冲信号
  35   2                      if(DQ)
  36   2                      dat |= 0x80;
  37   2                      DelayUs2x(25);
  38   2              }
  39   1              return(dat);
  40   1      }
  41          /*------------------------------------------------
  42                              写入一个字节
  43          ------------------------------------------------*/
  44          void WriteOneChar(unsigned char dat)
  45          {
  46   1              unsigned char i = 0;
  47   1              for (i=8; i>0; i--)
  48   1              {
  49   2                      DQ = 0;
  50   2                      DQ = dat&0x01;
  51   2                      DelayUs2x(25);
  52   2                      DQ = 1;
  53   2                      dat >>= 1;
  54   2              }
C51 COMPILER V9.05   18B20                                                                 07/20/2013 22:47:54 PAGE 2   

  55   1              DelayUs2x(25);
  56   1      }
  57          
  58          /*------------------------------------------------
  59                              读取温度
  60          ------------------------------------------------*/
  61          unsigned int ReadTemperature(void)
  62          {
  63   1              unsigned char a = 0;
  64   1              unsigned int b = 0;
  65   1              unsigned int t = 0;
  66   1              Init_DS18B20();
  67   1              WriteOneChar(0xCC); // 跳过读序号列号的操作
  68   1              WriteOneChar(0x44); // 启动温度转换
  69   1              DelayMs(10);
  70   1              Init_DS18B20();
  71   1              WriteOneChar(0xCC); //跳过读序号列号的操作 
  72   1              WriteOneChar(0xBE); //读取温度寄存器等（共可读9个寄存器） 前两个就是温度
  73   1              a=ReadOneChar();   //低位
  74   1              b=ReadOneChar();   //高位
  75   1              
  76   1              b <<= 8;
  77   1              t = a + b;
  78   1              
  79   1              return(t);
  80   1      }


MODULE INFORMATION:   STATIC OVERLAYABLE
   CODE SIZE        =    183    ----
   CONSTANT SIZE    =   ----    ----
   XDATA SIZE       =   ----    ----
   PDATA SIZE       =   ----    ----
   DATA SIZE        =   ----       5
   IDATA SIZE       =   ----    ----
   BIT SIZE         =   ----       1
END OF MODULE INFORMATION.


C51 COMPILATION COMPLETE.  0 WARNING(S),  0 ERROR(S)
