C51 COMPILER V9.05   DELAY                                                                 07/20/2013 22:47:55 PAGE 1   


C51 COMPILER V9.05, COMPILATION OF MODULE DELAY
OBJECT MODULE PLACED IN .\obj\delay.obj
COMPILER INVOKED BY: D:\Keil\C51\BIN\C51.EXE src\delay.c BROWSE DEBUG OBJECTEXTEND PRINT(.\obj\delay.lst) OBJECT(.\obj\d
                    -elay.obj)

line level    source

   1          #include "delay.h"
   2          /*------------------------------------------------
   3                                          uS延时函数
   4          ------------------------------------------------*/
   5          void DelayUs2x(unsigned char t)
   6          {   
   7   1              while(--t);
   8   1      }
   9          
  10          /*------------------------------------------------
  11                                          mS延时函数
  12          ------------------------------------------------*/
  13          void DelayMs(unsigned char t)
  14          {
  15   1           
  16   1              while(t--)
  17   1              {
  18   2                      //大致延时1mS
  19   2                      DelayUs2x(245);
  20   2                      DelayUs2x(245);
  21   2              }
  22   1      }


MODULE INFORMATION:   STATIC OVERLAYABLE
   CODE SIZE        =     24    ----
   CONSTANT SIZE    =   ----    ----
   XDATA SIZE       =   ----    ----
   PDATA SIZE       =   ----    ----
   DATA SIZE        =   ----    ----
   IDATA SIZE       =   ----    ----
   BIT SIZE         =   ----    ----
END OF MODULE INFORMATION.


C51 COMPILATION COMPLETE.  0 WARNING(S),  0 ERROR(S)
