C51 COMPILER V9.05   MAIN                                                                  07/20/2013 22:47:56 PAGE 1   


C51 COMPILER V9.05, COMPILATION OF MODULE MAIN
OBJECT MODULE PLACED IN .\obj\main.obj
COMPILER INVOKED BY: D:\Keil\C51\BIN\C51.EXE src\main.c BROWSE DEBUG OBJECTEXTEND PRINT(.\obj\main.lst) OBJECT(.\obj\mai
                    -n.obj)

line level    source

   1          /*-----------------------------------------------
   2          名称：DS18b20温度检测1602显示
   3          公司：南京爱思电子
   4          编写：rantg     
   5          日期：2012.3
   6          内容：DS18b20检测温度送1602显示
   7          ------------------------------------------------*/
   8          
   9          #include<reg52.h> 
  10          #include<stdio.h>
  11          #include "18b20.h"
  12          #include "1602.h"
  13          #include "delay.h"
  14          
  15          bit ReadTempFlag;//定义读时间标志
  16          
  17          void Init_Timer0(void);//定时器初始化
  18          
  19          /*------------------------------------------------
  20                              主函数
  21          ------------------------------------------------*/
  22          void main (void)
  23          {                  
  24   1              unsigned int temp;
  25   1              float temperature;
  26   1              char displaytemp[16];//定义显示区域临时存储数组
  27   1              
  28   1              LCD_Init();           //初始化液晶
  29   1              DelayMs(20);          //延时有助于稳定
  30   1              LCD_Clear();          //清屏
  31   1              Init_Timer0();
  32   1              LCD_Write_String(0,0," www.nj-ices.com");
  33   1              LCD_Write_Char(14,1,'C');       //写入字符C
  34   1      
  35   1              while (1)         //主循环
  36   1              {
  37   2                      if(ReadTempFlag==1)
  38   2                      {
  39   3                              ReadTempFlag = 0;
  40   3                              temp = ReadTemperature();
  41   3                              
  42   3                              temperature = (float)temp*0.0625;
  43   3                              sprintf(displaytemp,"Temp  % 7.3f",temperature);//打印温度值
  44   3                              LCD_Write_String(0,1,displaytemp);//显示第二行
  45   3                      }       
  46   2              }
  47   1      }
  48          
  49          /*------------------------------------------------
  50                              定时器初始化子程序
  51          ------------------------------------------------*/
  52          void Init_Timer0(void)
  53          {
  54   1              TMOD |= 0x01;     //使用模式1，16位定时器，使用"|"符号可以在使用多个定时器时不受影响                 
C51 COMPILER V9.05   MAIN                                                                  07/20/2013 22:47:56 PAGE 2   

  55   1              TH0 = (65536-2000)/256;           
  56   1              TL0 = (65536-2000)%256;
  57   1              EA = 1;            //总中断打开
  58   1              ET0 = 1;           //定时器中断打开
  59   1              TR0 = 1;           //定时器开关打开
  60   1      }
  61          /*------------------------------------------------
  62                           定时器中断子程序
  63          ------------------------------------------------*/
  64          void Timer0_isr(void) interrupt 1 
  65          {
  66   1              static unsigned int num;
  67   1              TH0 = (65536-2000)/256;           //重新赋值 2ms
  68   1              TL0 = (65536-2000)%256; 
  69   1              num++;
  70   1              if(300 == num)        
  71   1              {
  72   2                      num = 0;
  73   2                      ReadTempFlag = 1; //读标志位置1
  74   2              }
  75   1      }
  76          
  77          


MODULE INFORMATION:   STATIC OVERLAYABLE
   CODE SIZE        =    169    ----
   CONSTANT SIZE    =     30    ----
   XDATA SIZE       =   ----    ----
   PDATA SIZE       =   ----    ----
   DATA SIZE        =      2      22
   IDATA SIZE       =   ----    ----
   BIT SIZE         =      1    ----
END OF MODULE INFORMATION.


C51 COMPILATION COMPLETE.  0 WARNING(S),  0 ERROR(S)
