C51 COMPILER V7.01  MAIN                                                                   04/27/2007 22:08:23 PAGE 1   


C51 COMPILER V7.01, COMPILATION OF MODULE MAIN
OBJECT MODULE PLACED IN main.OBJ
COMPILER INVOKED BY: C:\Keil\C51\BIN\C51.EXE main.c COMPACT BROWSE DEBUG OBJECTEXTEND

stmt level    source

   1          #include "SCH51.h"
   2          #include "fangkuai.h"
   3          #include "t6963c.h"
   4          #include "key.h"
   5          
   6          void main(void)
   7          {
   8   1        
   9   1            SCH_Init_T2();
  10   1            Init_LCD();
  11   1            Init_Game();
  12   1      
  13   1            SCH_Add_Task(Fangkuai_down, 0, 3);
  14   1            SCH_Add_Task(KEY_Update, 1, 3);
  15   1                SCH_Add_Task(Fangkuai_Control, 2, 5);
  16   1      
  17   1            SCH_Start();
  18   1      
  19   1            while(1)
  20   1            {
  21   2              
  22   2                       SCH_Dispatch_Tasks();
  23   2              
  24   2                 }
  25   1               
  26   1      }


MODULE INFORMATION:   STATIC OVERLAYABLE
   CODE SIZE        =     61    ----
   CONSTANT SIZE    =   ----    ----
   XDATA SIZE       =   ----    ----
   PDATA SIZE       =   ----    ----
   DATA SIZE        =   ----    ----
   IDATA SIZE       =   ----    ----
   BIT SIZE         =   ----    ----
END OF MODULE INFORMATION.


C51 COMPILATION COMPLETE.  0 WARNING(S),  0 ERROR(S)
