C51 COMPILER V9.05   ______                                                                05/08/2012 10:49:55 PAGE 1   


C51 COMPILER V9.05, COMPILATION OF MODULE ______
OBJECT MODULE PLACED IN .\obj\花样灯.obj
COMPILER INVOKED BY: C:\Keil\C51\BIN\C51.EXE src\花样灯.c BROWSE DEBUG OBJECTEXTEND PRINT(.\obj\花样灯.lst) OBJECT(.\obj
                    -\花样灯.obj)

line level    source

   1          /*-----------------------------------------------
   2            名称：花样灯的实现
   3            公司：南京爱思电子
   4            编写：rantg
   5            内容：通过查表法实现发光二极管花样显示
   6          ------------------------------------------------*/
   7          
   8          #include <reg52.h>
   9          
  10          /*------------------------------------------------
  11                            流水表格
  12          ------------------------------------------------*/
  13          unsigned char code seg[]={0x7f,0xbf,0xdf,0xef,
  14                                                            0xf7,0xfb,0xfd,0xfe,
  15                                                            0xff,0xff,0x00,0x00,
  16                                                            0x55,0x55,0xaa,0xaa
  17                                                            };
  18          
  19          void DelayMs(unsigned int t); //函数声明
  20          
  21          /*------------------------------------------------
  22                              主函数
  23          ------------------------------------------------*/
  24          void main(void)
  25          {
  26   1              unsigned char i;   
  27   1              while(1)
  28   1              {
  29   2                      for(i=0;i<16;i++)
  30   2                      {
  31   3                              DelayMs(1000);
  32   3                              P2=seg[i];
  33   3                      }
  34   2              }
  35   1      }
  36          
  37          /*------------------------------------------------
  38                                           延时函数
  39          ------------------------------------------------*/
  40          void DelayMs(unsigned int t)
  41          {
  42   1              unsigned char i;
  43   1              for(;t > 0;t--)
  44   1                      for(i = 110;i > 0;i--);
  45   1      }


MODULE INFORMATION:   STATIC OVERLAYABLE
   CODE SIZE        =     50    ----
   CONSTANT SIZE    =     16    ----
   XDATA SIZE       =   ----    ----
   PDATA SIZE       =   ----    ----
   DATA SIZE        =   ----       1
   IDATA SIZE       =   ----    ----
C51 COMPILER V9.05   ______                                                                05/08/2012 10:49:55 PAGE 2   

   BIT SIZE         =   ----    ----
END OF MODULE INFORMATION.


C51 COMPILATION COMPLETE.  0 WARNING(S),  0 ERROR(S)
