C51 COMPILER V9.05   LED                                                                   03/17/2012 15:11:41 PAGE 1   


C51 COMPILER V9.05, COMPILATION OF MODULE LED
OBJECT MODULE PLACED IN .\obj\led.obj
COMPILER INVOKED BY: C:\Keil\C51\BIN\C51.EXE src\led.c BROWSE DEBUG OBJECTEXTEND PRINT(.\obj\led.lst) OBJECT(.\obj\led.o
                    -bj)

line level    source

   1          #include <reg52.h>
   2          
   3          void main(void)
   4          {
   5   1              while(1)
   6   1                      P2 = 0xaa;
   7   1      }


MODULE INFORMATION:   STATIC OVERLAYABLE
   CODE SIZE        =      5    ----
   CONSTANT SIZE    =   ----    ----
   XDATA SIZE       =   ----    ----
   PDATA SIZE       =   ----    ----
   DATA SIZE        =   ----    ----
   IDATA SIZE       =   ----    ----
   BIT SIZE         =   ----    ----
END OF MODULE INFORMATION.


C51 COMPILATION COMPLETE.  0 WARNING(S),  0 ERROR(S)
