C51 COMPILER V9.05   ______                                                                05/16/2012 10:24:48 PAGE 1   


C51 COMPILER V9.05, COMPILATION OF MODULE ______
OBJECT MODULE PLACED IN .\obj\继电器.obj
COMPILER INVOKED BY: C:\Keil\C51\BIN\C51.EXE src\继电器.c BROWSE DEBUG OBJECTEXTEND PRINT(.\obj\继电器.lst) OBJECT(.\obj
                    -\继电器.obj)

line level    source

   1          /*-----------------------------------------------
   2          名称：继电器
   3          公司：南京爱思电子
   4          编写：rantg
   5          日期：2012.3
   6          内容：独立按键S3控制继电器开关，用杜邦线将ULN2003
   7                    的Relay输入端的P1.0连起来
   8          ------------------------------------------------*/
   9          
  10          #include<reg52.h> 
  11          
  12          sbit K1 = P3^0;
  13          sbit RELAY = P1^0;      //继电器信号输出端
  14          
  15          /*------------------------------------------------
  16                            函数声明
  17          ------------------------------------------------*/
  18          void DelayMs(unsigned int t); //ms级延时
  19          
  20          /*------------------------------------------------
  21                              主函数
  22          ------------------------------------------------*/
  23          void main (void)
  24          {                 
  25   1              while (1)         
  26   1              {
  27   2                      if(0 == K1)
  28   2                      {
  29   3                              DelayMs(10);
  30   3                              if(0 == K1)
  31   3                              {
  32   4                                      RELAY = !RELAY;
  33   4                                      DelayMs(1000);
  34   4                              }
  35   3                              while(!K1);
  36   3                      }
  37   2              }       
  38   1      }
  39          
  40          /*------------------------------------------------
  41                                           延时函数
  42          ------------------------------------------------*/
  43          void DelayMs(unsigned int t)
  44          {
  45   1              unsigned char i;
  46   1              for(;t > 0;t--)
  47   1                      for(i = 110;i > 0;i--);
  48   1      }


MODULE INFORMATION:   STATIC OVERLAYABLE
   CODE SIZE        =     48    ----
   CONSTANT SIZE    =   ----    ----
   XDATA SIZE       =   ----    ----
C51 COMPILER V9.05   ______                                                                05/16/2012 10:24:48 PAGE 2   

   PDATA SIZE       =   ----    ----
   DATA SIZE        =   ----    ----
   IDATA SIZE       =   ----    ----
   BIT SIZE         =   ----    ----
END OF MODULE INFORMATION.


C51 COMPILATION COMPLETE.  0 WARNING(S),  0 ERROR(S)
