C51 COMPILER V9.05   ______                                                                05/08/2012 11:25:25 PAGE 1   


C51 COMPILER V9.05, COMPILATION OF MODULE ______
OBJECT MODULE PLACED IN .\obj\蜂鸣器.obj
COMPILER INVOKED BY: C:\Keil\C51\BIN\C51.EXE src\蜂鸣器.c BROWSE DEBUG OBJECTEXTEND PRINT(.\obj\蜂鸣器.lst) OBJECT(.\obj
                    -\蜂鸣器.obj)

line level    source

   1          /*-----------------------------------------------
   2          名称：蜂鸣器模拟警报声
   3          公司：南京爱思电子
   4          编写：rantg
   5          内容：蜂鸣器模拟警报声
   6          ------------------------------------------------*/
   7          #include <reg52.h>
   8          
   9          sbit SPK = P1^7;    //定义喇叭端口
  10          
  11          void DelayUs2x(unsigned char t);//函数声明 
  12          void DelayMs(unsigned char t);
  13          
  14          /*------------------------------------------------
  15                              主函数
  16          ------------------------------------------------*/
  17          main()
  18          {
  19   1              unsigned int i;
  20   1              
  21   1              while(1)
  22   1              {
  23   2                      for(i = 0;i < 500;i++)
  24   2                      {
  25   3                              DelayUs2x(200); 
  26   3                              DelayUs2x(200); 
  27   3                              SPK = !SPK;
  28   3                      }
  29   2                      for(i = 0;i < 500;i++)
  30   2                      {
  31   3                              DelayMs(1);  
  32   3                              SPK = !SPK;
  33   3                      }
  34   2              }
  35   1      }
  36          
  37          /*------------------------------------------------
  38                                          uS延时函数
  39          ------------------------------------------------*/
  40          void DelayUs2x(unsigned char t)
  41          {   
  42   1              while(--t);
  43   1      }
  44          
  45          /*------------------------------------------------
  46                                          mS延时函数
  47          ------------------------------------------------*/
  48          void DelayMs(unsigned char t)
  49          {     
  50   1              while(t--)
  51   1              {
  52   2                      //延时约1mS
  53   2                      DelayUs2x(245);
  54   2                      DelayUs2x(245);
C51 COMPILER V9.05   ______                                                                05/08/2012 11:25:25 PAGE 2   

  55   2              }
  56   1      }


MODULE INFORMATION:   STATIC OVERLAYABLE
   CODE SIZE        =     91    ----
   CONSTANT SIZE    =   ----    ----
   XDATA SIZE       =   ----    ----
   PDATA SIZE       =   ----    ----
   DATA SIZE        =   ----       2
   IDATA SIZE       =   ----    ----
   BIT SIZE         =   ----    ----
END OF MODULE INFORMATION.


C51 COMPILATION COMPLETE.  0 WARNING(S),  0 ERROR(S)
