C51 COMPILER V9.05   ________                                                              05/08/2012 10:40:19 PAGE 1   


C51 COMPILER V9.05, COMPILATION OF MODULE ________
OBJECT MODULE PLACED IN .\obj\独立按键.obj
COMPILER INVOKED BY: C:\Keil\C51\BIN\C51.EXE src\独立按键.c BROWSE DEBUG OBJECTEXTEND PRINT(.\obj\独立按键.lst) OBJECT(.
                    -\obj\独立按键.obj)

line level    source

   1          /*------------------------------------------------
   2          名称：独立按键
   3          公司：南京爱思电子
   4          编写：rantg
   5          内容：检测K1，K2，K3，K4四个独立按键，
   6                    并在数码管上显示相应的键值
   7          ------------------------------------------------*/
   8          
   9          #include <reg52.h> 
  10          
  11          /*------------------------------------------------
  12                              定义按键
  13          ------------------------------------------------*/
  14          sbit k1 = P3^0; 
  15          sbit k2 = P3^1;
  16          sbit k3 = P3^2;
  17          sbit k4 = P3^3;
  18          
  19          unsigned char code DuanMa[5]={0x3f,0x06,0x5b,0x4f,0x66};// 显示段码值0~4
  20          
  21          /*------------------------------------------------                                 
  22                             函数声明
  23          ------------------------------------------------*/
  24          void DelayMs(unsigned char t); //ms级延时
  25          unsigned char KeyScan(void);//键盘扫描
  26          /*------------------------------------------------
  27                              主函数
  28          ------------------------------------------------*/
  29          void main (void)
  30          {              
  31   1              P1 = 0xf7;
  32   1              P0 = DuanMa[0];
  33   1              
  34   1              while (1)      
  35   1              {       
  36   2                      if(0 == k1)
  37   2                      {
  38   3                              DelayMs(10);                    //按键消抖
  39   3                              if(0 == k1)
  40   3                              {
  41   4                                      P0 = DuanMa[1];
  42   4                                      DelayMs(600);
  43   4                              }
  44   3                              while(!k1);                        //等待按键释放
  45   3                      }
  46   2                      
  47   2                      if(0 == k2)
  48   2                      {
  49   3                              DelayMs(10);
  50   3                              if(0 == k2)
  51   3                              {
  52   4                                      P0 = DuanMa[2];
  53   4                                      DelayMs(600);
  54   4                              }
C51 COMPILER V9.05   ________                                                              05/08/2012 10:40:19 PAGE 2   

  55   3                              while(!k2);
  56   3                      }
  57   2                      
  58   2                      if(0 == k3)
  59   2                      {
  60   3                              DelayMs(10);
  61   3                              if(0 == k3)
  62   3                              {
  63   4                                      P0 = DuanMa[3];
  64   4                                      DelayMs(600);
  65   4                              }
  66   3                              while(!k3);
  67   3                      }       
  68   2      
  69   2                      if(0 == k4)
  70   2                      {
  71   3                              DelayMs(10);
  72   3                              if(0 == k4)
  73   3                              {
  74   4                                      P0 = DuanMa[4];
  75   4                                      DelayMs(600);
  76   4                              }
  77   3                              while(!k4);
  78   3                      }
  79   2              }
  80   1      }
  81          
  82          /*------------------------------------------------
  83           mS延时函数
  84          ------------------------------------------------*/
  85          void DelayMs(unsigned char t)
  86          {
  87   1              unsigned char i;
  88   1              for(; t > 0; t--)  //延时约t ms
  89   1                      for(i = 110; i > 0; i--);
  90   1      }


MODULE INFORMATION:   STATIC OVERLAYABLE
   CODE SIZE        =    112    ----
   CONSTANT SIZE    =      5    ----
   XDATA SIZE       =   ----    ----
   PDATA SIZE       =   ----    ----
   DATA SIZE        =   ----    ----
   IDATA SIZE       =   ----    ----
   BIT SIZE         =   ----    ----
END OF MODULE INFORMATION.


C51 COMPILATION COMPLETE.  0 WARNING(S),  0 ERROR(S)
