C51 COMPILER V9.05   ____________________                                                  05/08/2012 10:33:40 PAGE 1   


C51 COMPILER V9.05, COMPILATION OF MODULE ____________________
OBJECT MODULE PLACED IN .\obj\点亮第一个发光二极管.obj
COMPILER INVOKED BY: C:\Keil\C51\BIN\C51.EXE src\点亮第一个发光二极管.c BROWSE DEBUG OBJECTEXTEND PRINT(.\obj\点亮第一个
                    -发光二极管.lst) OBJECT(.\obj\点亮第一个发光二极管.obj)

line level    source

   1          /*-----------------------------------------------
   2            名称：点亮第一个发光二极管
   3            公司：南京爱思电子
   4            编写：rantg
   5            内容：点亮P2口的一个LED灯
   6                  该程序是单片机学习中最简单最基础的，
   7                          通过程序了解如何控制端口输出高低电平
   8          ------------------------------------------------*/
   9          
  10          #include <reg52.h> 
  11                   
  12          
  13          sbit LED = P2^0;// 用sbit 关键字 定义 LED到P2.0端口，LED是自己任意定义且容易记忆的符号
  14          
  15          /*------------------------------------------------
  16                              主函数
  17          ------------------------------------------------*/
  18          void main (void)
  19          {
  20   1              LED=1;            //将P2.0口赋值 1，对外输出高电平，第一个发光二极管熄灭
  21   1              LED=0;            //将P2.0口赋值 0，对外输出低电平，灯点亮      
  22   1              while (1)         //主循环
  23   1              {
  24   2              }
  25   1      }


MODULE INFORMATION:   STATIC OVERLAYABLE
   CODE SIZE        =      6    ----
   CONSTANT SIZE    =   ----    ----
   XDATA SIZE       =   ----    ----
   PDATA SIZE       =   ----    ----
   DATA SIZE        =   ----    ----
   IDATA SIZE       =   ----    ----
   BIT SIZE         =   ----    ----
END OF MODULE INFORMATION.


C51 COMPILATION COMPLETE.  0 WARNING(S),  0 ERROR(S)
